gcc -g -o cclient -Wall tcp_client.c testing.o 
tcp_client.c: In function ‘displayMessage’:
tcp_client.c:168: warning: pointer targets in passing argument 1 of ‘strlen’ differ in signedness
/usr/include/string.h:399: note: expected ‘const char *’ but argument is of type ‘u_char *’
tcp_client.c:168: warning: unused variable ‘lenData’
tcp_client.c: In function ‘broadcast’:
tcp_client.c:307: warning: ‘return’ with a value, in function returning void
tcp_client.c: In function ‘claimHandle’:
tcp_client.c:126: warning: control reaches end of non-void function
tcp_client.c: In function ‘claimHandleResponse’:
tcp_client.c:122: warning: control reaches end of non-void function
gcc -g -o server -Wall tcp_server.c testing.o 
In file included from tcp_server.c:24:
tcp_server.h: In function ‘addClient’:
tcp_server.h:18: warning: implicit declaration of function ‘tcp_accept’
tcp_server.h: In function ‘removeNewClient’:
tcp_server.h:41: warning: statement with no effect
tcp_server.h:42: warning: statement with no effect
tcp_server.c: In function ‘getBroadcastData’:
tcp_server.c:136: warning: pointer targets in passing argument 1 of ‘strcpy’ differ in signedness
/usr/include/string.h:128: note: expected ‘char * __restrict__’ but argument is of type ‘u_char *’
tcp_server.c:136: warning: pointer targets in passing argument 2 of ‘strcpy’ differ in signedness
/usr/include/string.h:128: note: expected ‘const char * __restrict__’ but argument is of type ‘u_char *’
tcp_server.c:137: warning: pointer targets in passing argument 1 of ‘strlen’ differ in signedness
/usr/include/string.h:399: note: expected ‘const char *’ but argument is of type ‘u_char *’
tcp_server.c: In function ‘getData’:
tcp_server.c:143: warning: pointer targets in passing argument 1 of ‘strcpy’ differ in signedness
/usr/include/string.h:128: note: expected ‘char * __restrict__’ but argument is of type ‘u_char *’
tcp_server.c:143: warning: pointer targets in passing argument 2 of ‘strcpy’ differ in signedness
/usr/include/string.h:128: note: expected ‘const char * __restrict__’ but argument is of type ‘u_char *’
tcp_server.c:144: warning: pointer targets in passing argument 1 of ‘strlen’ differ in signedness
/usr/include/string.h:399: note: expected ‘const char *’ but argument is of type ‘u_char *’
tcp_server.c: In function ‘broadcastMessage’:
tcp_server.c:167: warning: pointer targets in passing argument 1 of ‘getBroadcastData’ differ in signedness
tcp_server.c:133: note: expected ‘u_char *’ but argument is of type ‘char *’
tcp_server.c:172: warning: pointer targets in passing argument 1 of ‘strcpy’ differ in signedness
/usr/include/string.h:128: note: expected ‘char * __restrict__’ but argument is of type ‘u_char *’
tcp_server.c: In function ‘directMessage’:
tcp_server.c:185: warning: pointer targets in passing argument 1 of ‘getData’ differ in signedness
tcp_server.c:139: note: expected ‘u_char *’ but argument is of type ‘char *’
tcp_server.c:196: warning: pointer targets in passing argument 1 of ‘strcpy’ differ in signedness
/usr/include/string.h:128: note: expected ‘char * __restrict__’ but argument is of type ‘u_char *’
tcp_server.c: In function ‘replyListOfActive’:
tcp_server.c:255: warning: pointer targets in passing argument 1 of ‘addHandleToPkt’ differ in signedness
tcp_server.c:230: note: expected ‘u_char *’ but argument is of type ‘char *’
tcp_server.c: In function ‘killDeadClients’:
tcp_server.c:290: warning: unused variable ‘rmvCli’
tcp_server.c: In function ‘runServer’:
tcp_server.c:354: warning: missing braces around initializer
tcp_server.c:354: warning: (near initialization for ‘allClients.hanldeList’)
tcp_server.c: In function ‘tcp_recv_setup’:
tcp_server.c:418: warning: unused variable ‘status’
tcp_server.c: In function ‘removeNewClient’:
tcp_server.h:57: warning: control reaches end of non-void function
